<?xml version="1.0" encoding="utf-8"?><testsuites name="pytest tests"><testsuite name="pytest" errors="0" failures="0" skipped="0" tests="47" time="36.440" timestamp="2026-07-07T18:37:51.247605+00:00" hostname="agent-env-65031c36-f49a-40e0-9b0c-1c67d27da6fc"><testcase classname="backend.tests.test_dharma_app.TestPublic" name="test_sample_verses_no_auth" time="0.145" /><testcase classname="backend.tests.test_dharma_app.TestPublic" name="test_public_search_no_auth" time="0.107" /><testcase classname="backend.tests.test_dharma_app.TestPublic" name="test_public_search_guruvayur" time="0.116" /><testcase classname="backend.tests.test_dharma_app.TestPublic" name="test_public_search_soul" time="0.107" /><testcase classname="backend.tests.test_dharma_app.TestAuth" name="test_admin_login" time="0.378" /><testcase classname="backend.tests.test_dharma_app.TestAuth" name="test_login_invalid" time="0.329" /><testcase classname="backend.tests.test_dharma_app.TestAuth" name="test_register_new_user" time="0.399" /><testcase classname="backend.tests.test_dharma_app.TestAuth" name="test_me_unauthenticated" time="0.111" /><testcase classname="backend.tests.test_dharma_app.TestScriptures" name="test_list_16_scriptures" time="0.118" /><testcase classname="backend.tests.test_dharma_app.TestScriptures" name="test_kerala_text_chapters" time="0.236" /><testcase classname="backend.tests.test_dharma_app.TestScriptures" name="test_narayaneeyam_has_transliterations_and_temple" time="0.223" /><testcase classname="backend.tests.test_dharma_app.TestSearch" name="test_search_guruvayur" time="0.109" /><testcase classname="backend.tests.test_dharma_app.TestSearch" name="test_search_shankaracharya" time="0.100" /><testcase classname="backend.tests.test_dharma_app.TestSearch" name="test_search_dharma" time="0.103" /><testcase classname="backend.tests.test_dharma_app.TestSearch" name="test_search_no_match" time="0.103" /><testcase classname="backend.tests.test_dharma_app.TestDailyVerse" name="test_daily_verse" time="0.128" /><testcase classname="backend.tests.test_dharma_app.TestReadingPlans" name="test_plans_require_auth" time="0.105" /><testcase classname="backend.tests.test_dharma_app.TestReadingPlans" name="test_list_5_plans" time="0.391" /><testcase classname="backend.tests.test_dharma_app.TestReadingPlans" name="test_karkkidakam_30_day_plan" time="0.051" /><testcase classname="backend.tests.test_dharma_app.TestReadingPlans" name="test_kerala_plan_detail" time="0.057" /><testcase classname="backend.tests.test_dharma_app.TestReadingPlans" name="test_plan_not_found" time="0.048" /><testcase classname="backend.tests.test_dharma_app.TestReadingPlans" name="test_progress_update" time="0.292" /><testcase classname="backend.tests.test_dharma_app.TestReadingPlans" name="test_progress_missing_day" time="0.049" /><testcase classname="backend.tests.test_dharma_app.TestBookmarks" name="test_bookmark_flow" time="0.221" /><testcase classname="backend.tests.test_dharma_app.TestAI" name="test_ai_search_auth_required" time="0.104" /><testcase classname="backend.tests.test_dharma_app.TestAI" name="test_ai_search_graceful_503" time="4.245" /><testcase classname="backend.tests.test_dharma_app.TestAI" name="test_ai_search_returns_verses_iter8" time="1.491" /><testcase classname="backend.tests.test_dharma_app.TestAI" name="test_ai_explain_returns_text_iter8" time="14.741" /><testcase classname="backend.tests.test_dharma_app.TestTTS" name="test_tts_requires_auth" time="0.151" /><testcase classname="backend.tests.test_dharma_app.TestTTS" name="test_tts_verse_not_found" time="0.051" /><testcase classname="backend.tests.test_dharma_app.TestTTS" name="test_tts_generates_or_503" time="0.186" /><testcase classname="backend.tests.test_dharma_app.TestTTS" name="test_tts_returns_audio_iter8" time="5.928" /><testcase classname="backend.tests.test_dharma_app.TestAnnotations" name="test_create_annotation_requires_auth" time="0.156" /><testcase classname="backend.tests.test_dharma_app.TestAnnotations" name="test_get_annotations_public" time="0.117" /><testcase classname="backend.tests.test_dharma_app.TestAnnotations" name="test_annotation_create_vote_sort_delete" time="0.647" /><testcase classname="backend.tests.test_dharma_app.TestAnnotations" name="test_non_owner_cannot_delete" time="0.167" /><testcase classname="backend.tests.test_dharma_app.TestCorrections" name="test_create_correction_requires_auth" time="0.111" /><testcase classname="backend.tests.test_dharma_app.TestCorrections" name="test_correction_submit_approve_applies_to_verse" time="0.901" /><testcase classname="backend.tests.test_dharma_app.TestCorrections" name="test_correction_reject_does_not_apply" time="0.290" /><testcase classname="backend.tests.test_dharma_app.TestIter7Expansion" name="test_total_verse_count_408" time="2.292" /><testcase classname="backend.tests.test_dharma_app.TestIter7Expansion" name="test_bhagavad_gita_67_verses" time="0.094" /><testcase classname="backend.tests.test_dharma_app.TestIter7Expansion" name="test_multi_word_search_soul_eternal" time="0.112" /><testcase classname="backend.tests.test_dharma_app.TestIter7Expansion" name="test_search_vasudhaiva_kutumbakam" time="0.105" /><testcase classname="backend.tests.test_dharma_app.TestIter7Expansion" name="test_search_mahamrityunjaya" time="0.108" /><testcase classname="backend.tests.test_dharma_app.TestIter7Expansion" name="test_new_verses_have_multi_transliterations" time="0.127" /><testcase classname="backend.tests.test_dharma_app.TestIter7Expansion" name="test_famous_verse_matr_devo_bhava" time="0.118" /><testcase classname="backend.tests.test_dharma_app.TestIter7Expansion" name="test_public_search_multi_word" time="0.096" /></testsuite></testsuites>