<?xml version="1.0" encoding="utf-8"?><testsuites name="pytest tests"><testsuite name="pytest" errors="0" failures="0" skipped="0" tests="18" time="6.344" timestamp="2026-05-15T07:17:32.476477+00:00" hostname="agent-env-65031c36-f49a-40e0-9b0c-1c67d27da6fc"><testcase classname="backend.tests.test_dharma_app.TestAuth" name="test_admin_login" time="0.394" /><testcase classname="backend.tests.test_dharma_app.TestAuth" name="test_login_invalid" time="0.323" /><testcase classname="backend.tests.test_dharma_app.TestAuth" name="test_register_new_user" time="0.402" /><testcase classname="backend.tests.test_dharma_app.TestAuth" name="test_register_duplicate" time="0.127" /><testcase classname="backend.tests.test_dharma_app.TestAuth" name="test_me_unauthenticated" time="0.125" /><testcase classname="backend.tests.test_dharma_app.TestAuth" name="test_logout" time="0.795" /><testcase classname="backend.tests.test_dharma_app.TestScriptures" name="test_list_scriptures" time="0.104" /><testcase classname="backend.tests.test_dharma_app.TestScriptures" name="test_chapters_for_each_scripture" time="0.531" /><testcase classname="backend.tests.test_dharma_app.TestScriptures" name="test_verses_in_chapter" time="0.316" /><testcase classname="backend.tests.test_dharma_app.TestSearch" name="test_keyword_search_soul" time="0.127" /><testcase classname="backend.tests.test_dharma_app.TestSearch" name="test_keyword_search_dharma" time="0.120" /><testcase classname="backend.tests.test_dharma_app.TestSearch" name="test_keyword_search_no_match" time="0.106" /><testcase classname="backend.tests.test_dharma_app.TestDailyVerse" name="test_daily_verse" time="0.104" /><testcase classname="backend.tests.test_dharma_app.TestBookmarks" name="test_bookmark_flow" time="0.549" /><testcase classname="backend.tests.test_dharma_app.TestBookmarks" name="test_bookmark_requires_auth" time="0.098" /><testcase classname="backend.tests.test_dharma_app.TestAI" name="test_ai_search_requires_auth" time="0.104" /><testcase classname="backend.tests.test_dharma_app.TestAI" name="test_ai_search_authenticated" time="1.539" /><testcase classname="backend.tests.test_dharma_app.TestAI" name="test_ai_explain_authenticated" time="0.395" /></testsuite></testsuites>