<?xml version="1.0" encoding="utf-8"?><testsuites name="pytest tests"><testsuite name="pytest" errors="0" failures="0" skipped="0" tests="36" time="9.562" timestamp="2026-07-07T15:40:52.066765+00:00" hostname="agent-env-65031c36-f49a-40e0-9b0c-1c67d27da6fc"><testcase classname="backend.tests.test_dharma_app.TestPublic" name="test_sample_verses_no_auth" time="0.131" /><testcase classname="backend.tests.test_dharma_app.TestPublic" name="test_public_search_no_auth" time="0.105" /><testcase classname="backend.tests.test_dharma_app.TestPublic" name="test_public_search_guruvayur" time="0.110" /><testcase classname="backend.tests.test_dharma_app.TestPublic" name="test_public_search_soul" time="0.098" /><testcase classname="backend.tests.test_dharma_app.TestAuth" name="test_admin_login" time="0.334" /><testcase classname="backend.tests.test_dharma_app.TestAuth" name="test_login_invalid" time="0.316" /><testcase classname="backend.tests.test_dharma_app.TestAuth" name="test_register_new_user" time="0.381" /><testcase classname="backend.tests.test_dharma_app.TestAuth" name="test_me_unauthenticated" time="0.100" /><testcase classname="backend.tests.test_dharma_app.TestScriptures" name="test_list_16_scriptures" time="0.097" /><testcase classname="backend.tests.test_dharma_app.TestScriptures" name="test_kerala_text_chapters" time="0.229" /><testcase classname="backend.tests.test_dharma_app.TestScriptures" name="test_narayaneeyam_has_transliterations_and_temple" time="0.222" /><testcase classname="backend.tests.test_dharma_app.TestSearch" name="test_search_guruvayur" time="0.124" /><testcase classname="backend.tests.test_dharma_app.TestSearch" name="test_search_shankaracharya" time="0.105" /><testcase classname="backend.tests.test_dharma_app.TestSearch" name="test_search_dharma" time="0.112" /><testcase classname="backend.tests.test_dharma_app.TestSearch" name="test_search_no_match" time="0.104" /><testcase classname="backend.tests.test_dharma_app.TestDailyVerse" name="test_daily_verse" time="0.106" /><testcase classname="backend.tests.test_dharma_app.TestReadingPlans" name="test_plans_require_auth" time="0.099" /><testcase classname="backend.tests.test_dharma_app.TestReadingPlans" name="test_list_5_plans" time="0.367" /><testcase classname="backend.tests.test_dharma_app.TestReadingPlans" name="test_karkkidakam_30_day_plan" time="0.059" /><testcase classname="backend.tests.test_dharma_app.TestReadingPlans" name="test_kerala_plan_detail" time="0.060" /><testcase classname="backend.tests.test_dharma_app.TestReadingPlans" name="test_plan_not_found" time="0.047" /><testcase classname="backend.tests.test_dharma_app.TestReadingPlans" name="test_progress_update" time="0.286" /><testcase classname="backend.tests.test_dharma_app.TestReadingPlans" name="test_progress_missing_day" time="0.059" /><testcase classname="backend.tests.test_dharma_app.TestBookmarks" name="test_bookmark_flow" time="0.231" /><testcase classname="backend.tests.test_dharma_app.TestAI" name="test_ai_search_auth_required" time="0.119" /><testcase classname="backend.tests.test_dharma_app.TestAI" name="test_ai_search_graceful_503" time="2.840" /><testcase classname="backend.tests.test_dharma_app.TestTTS" name="test_tts_requires_auth" time="0.138" /><testcase classname="backend.tests.test_dharma_app.TestTTS" name="test_tts_verse_not_found" time="0.059" /><testcase classname="backend.tests.test_dharma_app.TestTTS" name="test_tts_generates_or_503" time="0.128" /><testcase classname="backend.tests.test_dharma_app.TestAnnotations" name="test_create_annotation_requires_auth" time="0.122" /><testcase classname="backend.tests.test_dharma_app.TestAnnotations" name="test_get_annotations_public" time="0.106" /><testcase classname="backend.tests.test_dharma_app.TestAnnotations" name="test_annotation_create_vote_sort_delete" time="0.739" /><testcase classname="backend.tests.test_dharma_app.TestAnnotations" name="test_non_owner_cannot_delete" time="0.171" /><testcase classname="backend.tests.test_dharma_app.TestCorrections" name="test_create_correction_requires_auth" time="0.100" /><testcase classname="backend.tests.test_dharma_app.TestCorrections" name="test_correction_submit_approve_applies_to_verse" time="0.752" /><testcase classname="backend.tests.test_dharma_app.TestCorrections" name="test_correction_reject_does_not_apply" time="0.323" /></testsuite></testsuites>